2016-11-17 01:03:56 Error: [Cake\Database\Exception] SQLSTATE[42S02]: Base table or view not found: 1146 Table 'sacavem.users' doesn't exist
Stack Trace:
#0 C:\xampp\htdocs\cakephp3test\vendor\cakephp\cakephp\src\Database\Schema\Collection.php(97): Cake\Database\Schema\Collection->_reflect('Column', 'users', Array, Object(Cake\Database\Schema\Table))
#1 C:\xampp\htdocs\cakephp3test\vendor\cakephp\cakephp\src\Database\Schema\CachedCollection.php(63): Cake\Database\Schema\Collection->describe('users', Array)
#2 C:\xampp\htdocs\cakephp3test\vendor\cakephp\cakephp\src\ORM\Table.php(440): Cake\Database\Schema\CachedCollection->describe('users')
#3 C:\xampp\htdocs\cakephp3test\vendor\cakephp\cakephp\src\ORM\Table.php(518): Cake\ORM\Table->schema()
#4 C:\xampp\htdocs\cakephp3test\vendor\cakephp\bake\src\Shell\Task\ModelTask.php(210): Cake\ORM\Table->primaryKey()
#5 C:\xampp\htdocs\cakephp3test\vendor\cakephp\bake\src\Shell\Task\ModelTask.php(127): Bake\Shell\Task\ModelTask->getAssociations(Object(Cake\ORM\Table))
#6 C:\xampp\htdocs\cakephp3test\vendor\cakephp\bake\src\Shell\Task\ModelTask.php(110): Bake\Shell\Task\ModelTask->getTableContext(Object(Cake\ORM\Table), 'users', 'Users')
#7 C:\xampp\htdocs\cakephp3test\vendor\cakephp\bake\src\Shell\Task\ModelTask.php(97): Bake\Shell\Task\ModelTask->bake('Users')
#8 C:\xampp\htdocs\cakephp3test\vendor\cakephp\bake\src\Shell\BakeShell.php(257): Bake\Shell\Task\ModelTask->main('Users')
#9 C:\xampp\htdocs\cakephp3test\vendor\cakephp\cakephp\src\Collection\CollectionTrait.php(52): Bake\Shell\BakeShell->Bake\Shell\{closure}('users', 0)
#10 C:\xampp\htdocs\cakephp3test\vendor\cakephp\bake\src\Shell\BakeShell.php(260): Cake\Collection\Collection->each(Object(Closure))
#11 [internal function]: Bake\Shell\BakeShell->all('users')
#12 C:\xampp\htdocs\cakephp3test\vendor\cakephp\cakephp\src\Console\Shell.php(452): call_user_func_array(Array, Array)
#13 C:\xampp\htdocs\cakephp3test\vendor\cakephp\cakephp\src\Console\ShellDispatcher.php(227): Cake\Console\Shell->runCommand(Array, true, Array)
#14 C:\xampp\htdocs\cakephp3test\vendor\cakephp\cakephp\src\Console\ShellDispatcher.php(182): Cake\Console\ShellDispatcher->_dispatch(Array)
#15 C:\xampp\htdocs\cakephp3test\vendor\cakephp\cakephp\src\Console\ShellDispatcher.php(128): Cake\Console\ShellDispatcher->dispatch(Array)
#16 C:\xampp\htdocs\cakephp3test\bin\cake.php(34): Cake\Console\ShellDispatcher::run(Array)
#17 {main}


2016-11-17 01:04:42 Error: [Cake\Database\Exception] SQLSTATE[42S02]: Base table or view not found: 1146 Table 'sacavem.user' doesn't exist
Stack Trace:
#0 C:\xampp\htdocs\cakephp3test\vendor\cakephp\cakephp\src\Database\Schema\Collection.php(97): Cake\Database\Schema\Collection->_reflect('Column', 'user', Array, Object(Cake\Database\Schema\Table))
#1 C:\xampp\htdocs\cakephp3test\vendor\cakephp\cakephp\src\Database\Schema\CachedCollection.php(63): Cake\Database\Schema\Collection->describe('user', Array)
#2 C:\xampp\htdocs\cakephp3test\vendor\cakephp\cakephp\src\ORM\Table.php(440): Cake\Database\Schema\CachedCollection->describe('user')
#3 C:\xampp\htdocs\cakephp3test\vendor\cakephp\cakephp\src\ORM\Table.php(518): Cake\ORM\Table->schema()
#4 C:\xampp\htdocs\cakephp3test\vendor\cakephp\bake\src\Shell\Task\ModelTask.php(210): Cake\ORM\Table->primaryKey()
#5 C:\xampp\htdocs\cakephp3test\vendor\cakephp\bake\src\Shell\Task\ModelTask.php(127): Bake\Shell\Task\ModelTask->getAssociations(Object(Cake\ORM\Table))
#6 C:\xampp\htdocs\cakephp3test\vendor\cakephp\bake\src\Shell\Task\ModelTask.php(110): Bake\Shell\Task\ModelTask->getTableContext(Object(Cake\ORM\Table), 'user', 'User')
#7 C:\xampp\htdocs\cakephp3test\vendor\cakephp\bake\src\Shell\Task\ModelTask.php(97): Bake\Shell\Task\ModelTask->bake('User')
#8 C:\xampp\htdocs\cakephp3test\vendor\cakephp\bake\src\Shell\BakeShell.php(257): Bake\Shell\Task\ModelTask->main('User')
#9 C:\xampp\htdocs\cakephp3test\vendor\cakephp\cakephp\src\Collection\CollectionTrait.php(52): Bake\Shell\BakeShell->Bake\Shell\{closure}('user', 0)
#10 C:\xampp\htdocs\cakephp3test\vendor\cakephp\bake\src\Shell\BakeShell.php(260): Cake\Collection\Collection->each(Object(Closure))
#11 [internal function]: Bake\Shell\BakeShell->all('user')
#12 C:\xampp\htdocs\cakephp3test\vendor\cakephp\cakephp\src\Console\Shell.php(452): call_user_func_array(Array, Array)
#13 C:\xampp\htdocs\cakephp3test\vendor\cakephp\cakephp\src\Console\ShellDispatcher.php(227): Cake\Console\Shell->runCommand(Array, true, Array)
#14 C:\xampp\htdocs\cakephp3test\vendor\cakephp\cakephp\src\Console\ShellDispatcher.php(182): Cake\Console\ShellDispatcher->_dispatch(Array)
#15 C:\xampp\htdocs\cakephp3test\vendor\cakephp\cakephp\src\Console\ShellDispatcher.php(128): Cake\Console\ShellDispatcher->dispatch(Array)
#16 C:\xampp\htdocs\cakephp3test\bin\cake.php(34): Cake\Console\ShellDispatcher::run(Array)
#17 {main}


2016-11-17 01:05:35 Warning: Warning (512): Association property name "assists" clashes with field of same name of table "players". You should explicitly specify the "propertyName" option. in [C:\xampp\htdocs\cakephp3test\vendor\cakephp\cakephp\src\ORM\Association.php, line 455]
Trace:
Cake\Error\BaseErrorHandler::handleError() - CORE\src\Error\BaseErrorHandler.php, line 146
Cake\ORM\Association::property() - CORE\src\ORM\Association.php, line 455
Bake\Shell\Task\ModelTask::getEntityPropertySchema() - ROOT\vendor\cakephp\bake\src\Shell\Task\ModelTask.php, line 510
Bake\Shell\Task\ModelTask::getTableContext() - ROOT\vendor\cakephp\bake\src\Shell\Task\ModelTask.php, line 132
Bake\Shell\Task\ModelTask::bake() - ROOT\vendor\cakephp\bake\src\Shell\Task\ModelTask.php, line 110
Bake\Shell\Task\ModelTask::main() - ROOT\vendor\cakephp\bake\src\Shell\Task\ModelTask.php, line 97
Bake\Shell\BakeShell::Bake\Shell\{closure}() - ROOT\vendor\cakephp\bake\src\Shell\BakeShell.php, line 257
Cake\Collection\Collection::each() - CORE\src\Collection\CollectionTrait.php, line 52
Bake\Shell\BakeShell::all() - ROOT\vendor\cakephp\bake\src\Shell\BakeShell.php, line 260
Cake\Console\Shell::runCommand() - CORE\src\Console\Shell.php, line 452
Cake\Console\ShellDispatcher::_dispatch() - CORE\src\Console\ShellDispatcher.php, line 227
Cake\Console\ShellDispatcher::dispatch() - CORE\src\Console\ShellDispatcher.php, line 182
Cake\Console\ShellDispatcher::run() - CORE\src\Console\ShellDispatcher.php, line 128
[main] - ROOT\bin\cake.php, line 34



2016-11-17 01:05:35 Warning: Warning (512): Association property name "goals" clashes with field of same name of table "players". You should explicitly specify the "propertyName" option. in [C:\xampp\htdocs\cakephp3test\vendor\cakephp\cakephp\src\ORM\Association.php, line 455]
Trace:
Cake\Error\BaseErrorHandler::handleError() - CORE\src\Error\BaseErrorHandler.php, line 146
Cake\ORM\Association::property() - CORE\src\ORM\Association.php, line 455
Bake\Shell\Task\ModelTask::getEntityPropertySchema() - ROOT\vendor\cakephp\bake\src\Shell\Task\ModelTask.php, line 510
Bake\Shell\Task\ModelTask::getTableContext() - ROOT\vendor\cakephp\bake\src\Shell\Task\ModelTask.php, line 132
Bake\Shell\Task\ModelTask::bake() - ROOT\vendor\cakephp\bake\src\Shell\Task\ModelTask.php, line 110
Bake\Shell\Task\ModelTask::main() - ROOT\vendor\cakephp\bake\src\Shell\Task\ModelTask.php, line 97
Bake\Shell\BakeShell::Bake\Shell\{closure}() - ROOT\vendor\cakephp\bake\src\Shell\BakeShell.php, line 257
Cake\Collection\Collection::each() - CORE\src\Collection\CollectionTrait.php, line 52
Bake\Shell\BakeShell::all() - ROOT\vendor\cakephp\bake\src\Shell\BakeShell.php, line 260
Cake\Console\Shell::runCommand() - CORE\src\Console\Shell.php, line 452
Cake\Console\ShellDispatcher::_dispatch() - CORE\src\Console\ShellDispatcher.php, line 227
Cake\Console\ShellDispatcher::dispatch() - CORE\src\Console\ShellDispatcher.php, line 182
Cake\Console\ShellDispatcher::run() - CORE\src\Console\ShellDispatcher.php, line 128
[main] - ROOT\bin\cake.php, line 34



2016-11-17 01:05:35 Warning: Warning (512): Association property name "assists" clashes with field of same name of table "players". You should explicitly specify the "propertyName" option. in [C:\xampp\htdocs\cakephp3test\vendor\cakephp\cakephp\src\ORM\Association.php, line 455]
Trace:
Cake\Error\BaseErrorHandler::handleError() - CORE\src\Error\BaseErrorHandler.php, line 146
Cake\ORM\Association::property() - CORE\src\ORM\Association.php, line 455
Bake\Utility\Model\AssociationFilter::filterAssociations() - ROOT\vendor\cakephp\bake\src\Utility\Model\AssociationFilter.php, line 96
Bake\Shell\Task\TemplateTask::_filteredAssociations() - ROOT\vendor\cakephp\bake\src\Shell\Task\TemplateTask.php, line 473
Bake\Shell\Task\TemplateTask::_loadController() - ROOT\vendor\cakephp\bake\src\Shell\Task\TemplateTask.php, line 298
Bake\Shell\Task\TemplateTask::main() - ROOT\vendor\cakephp\bake\src\Shell\Task\TemplateTask.php, line 148
Bake\Shell\BakeShell::Bake\Shell\{closure}() - ROOT\vendor\cakephp\bake\src\Shell\BakeShell.php, line 259
Cake\Collection\Collection::each() - CORE\src\Collection\CollectionTrait.php, line 52
Bake\Shell\BakeShell::all() - ROOT\vendor\cakephp\bake\src\Shell\BakeShell.php, line 260
Cake\Console\Shell::runCommand() - CORE\src\Console\Shell.php, line 452
Cake\Console\ShellDispatcher::_dispatch() - CORE\src\Console\ShellDispatcher.php, line 227
Cake\Console\ShellDispatcher::dispatch() - CORE\src\Console\ShellDispatcher.php, line 182
Cake\Console\ShellDispatcher::run() - CORE\src\Console\ShellDispatcher.php, line 128
[main] - ROOT\bin\cake.php, line 34



2016-11-17 01:05:35 Warning: Warning (512): Association property name "goals" clashes with field of same name of table "players". You should explicitly specify the "propertyName" option. in [C:\xampp\htdocs\cakephp3test\vendor\cakephp\cakephp\src\ORM\Association.php, line 455]
Trace:
Cake\Error\BaseErrorHandler::handleError() - CORE\src\Error\BaseErrorHandler.php, line 146
Cake\ORM\Association::property() - CORE\src\ORM\Association.php, line 455
Bake\Utility\Model\AssociationFilter::filterAssociations() - ROOT\vendor\cakephp\bake\src\Utility\Model\AssociationFilter.php, line 96
Bake\Shell\Task\TemplateTask::_filteredAssociations() - ROOT\vendor\cakephp\bake\src\Shell\Task\TemplateTask.php, line 473
Bake\Shell\Task\TemplateTask::_loadController() - ROOT\vendor\cakephp\bake\src\Shell\Task\TemplateTask.php, line 298
Bake\Shell\Task\TemplateTask::main() - ROOT\vendor\cakephp\bake\src\Shell\Task\TemplateTask.php, line 148
Bake\Shell\BakeShell::Bake\Shell\{closure}() - ROOT\vendor\cakephp\bake\src\Shell\BakeShell.php, line 259
Cake\Collection\Collection::each() - CORE\src\Collection\CollectionTrait.php, line 52
Bake\Shell\BakeShell::all() - ROOT\vendor\cakephp\bake\src\Shell\BakeShell.php, line 260
Cake\Console\Shell::runCommand() - CORE\src\Console\Shell.php, line 452
Cake\Console\ShellDispatcher::_dispatch() - CORE\src\Console\ShellDispatcher.php, line 227
Cake\Console\ShellDispatcher::dispatch() - CORE\src\Console\ShellDispatcher.php, line 182
Cake\Console\ShellDispatcher::run() - CORE\src\Console\ShellDispatcher.php, line 128
[main] - ROOT\bin\cake.php, line 34



2016-11-18 21:17:25 Warning: Warning (512): Association property name "assists" clashes with field of same name of table "players". You should explicitly specify the "propertyName" option. in [C:\xampp\htdocs\cakephp3test\vendor\cakephp\cakephp\src\ORM\Association.php, line 455]
Trace:
Cake\Error\BaseErrorHandler::handleError() - CORE\src\Error\BaseErrorHandler.php, line 146
Cake\ORM\Association::property() - CORE\src\ORM\Association.php, line 455
Bake\Shell\Task\ModelTask::getEntityPropertySchema() - ROOT\vendor\cakephp\bake\src\Shell\Task\ModelTask.php, line 510
Bake\Shell\Task\ModelTask::getTableContext() - ROOT\vendor\cakephp\bake\src\Shell\Task\ModelTask.php, line 132
Bake\Shell\Task\ModelTask::bake() - ROOT\vendor\cakephp\bake\src\Shell\Task\ModelTask.php, line 110
Bake\Shell\Task\ModelTask::main() - ROOT\vendor\cakephp\bake\src\Shell\Task\ModelTask.php, line 97
Bake\Shell\BakeShell::Bake\Shell\{closure}() - ROOT\vendor\cakephp\bake\src\Shell\BakeShell.php, line 257
Cake\Collection\Collection::each() - CORE\src\Collection\CollectionTrait.php, line 52
Bake\Shell\BakeShell::all() - ROOT\vendor\cakephp\bake\src\Shell\BakeShell.php, line 260
Cake\Console\Shell::runCommand() - CORE\src\Console\Shell.php, line 452
Cake\Console\ShellDispatcher::_dispatch() - CORE\src\Console\ShellDispatcher.php, line 227
Cake\Console\ShellDispatcher::dispatch() - CORE\src\Console\ShellDispatcher.php, line 182
Cake\Console\ShellDispatcher::run() - CORE\src\Console\ShellDispatcher.php, line 128
[main] - ROOT\bin\cake.php, line 34



2016-11-18 21:17:25 Warning: Warning (512): Association property name "goals" clashes with field of same name of table "players". You should explicitly specify the "propertyName" option. in [C:\xampp\htdocs\cakephp3test\vendor\cakephp\cakephp\src\ORM\Association.php, line 455]
Trace:
Cake\Error\BaseErrorHandler::handleError() - CORE\src\Error\BaseErrorHandler.php, line 146
Cake\ORM\Association::property() - CORE\src\ORM\Association.php, line 455
Bake\Shell\Task\ModelTask::getEntityPropertySchema() - ROOT\vendor\cakephp\bake\src\Shell\Task\ModelTask.php, line 510
Bake\Shell\Task\ModelTask::getTableContext() - ROOT\vendor\cakephp\bake\src\Shell\Task\ModelTask.php, line 132
Bake\Shell\Task\ModelTask::bake() - ROOT\vendor\cakephp\bake\src\Shell\Task\ModelTask.php, line 110
Bake\Shell\Task\ModelTask::main() - ROOT\vendor\cakephp\bake\src\Shell\Task\ModelTask.php, line 97
Bake\Shell\BakeShell::Bake\Shell\{closure}() - ROOT\vendor\cakephp\bake\src\Shell\BakeShell.php, line 257
Cake\Collection\Collection::each() - CORE\src\Collection\CollectionTrait.php, line 52
Bake\Shell\BakeShell::all() - ROOT\vendor\cakephp\bake\src\Shell\BakeShell.php, line 260
Cake\Console\Shell::runCommand() - CORE\src\Console\Shell.php, line 452
Cake\Console\ShellDispatcher::_dispatch() - CORE\src\Console\ShellDispatcher.php, line 227
Cake\Console\ShellDispatcher::dispatch() - CORE\src\Console\ShellDispatcher.php, line 182
Cake\Console\ShellDispatcher::run() - CORE\src\Console\ShellDispatcher.php, line 128
[main] - ROOT\bin\cake.php, line 34



2016-11-18 21:17:30 Warning: Warning (512): Association property name "assists" clashes with field of same name of table "players". You should explicitly specify the "propertyName" option. in [C:\xampp\htdocs\cakephp3test\vendor\cakephp\cakephp\src\ORM\Association.php, line 455]
Trace:
Cake\Error\BaseErrorHandler::handleError() - CORE\src\Error\BaseErrorHandler.php, line 146
Cake\ORM\Association::property() - CORE\src\ORM\Association.php, line 455
Bake\Utility\Model\AssociationFilter::filterAssociations() - ROOT\vendor\cakephp\bake\src\Utility\Model\AssociationFilter.php, line 96
Bake\Shell\Task\TemplateTask::_filteredAssociations() - ROOT\vendor\cakephp\bake\src\Shell\Task\TemplateTask.php, line 473
Bake\Shell\Task\TemplateTask::_loadController() - ROOT\vendor\cakephp\bake\src\Shell\Task\TemplateTask.php, line 298
Bake\Shell\Task\TemplateTask::main() - ROOT\vendor\cakephp\bake\src\Shell\Task\TemplateTask.php, line 148
Bake\Shell\BakeShell::Bake\Shell\{closure}() - ROOT\vendor\cakephp\bake\src\Shell\BakeShell.php, line 259
Cake\Collection\Collection::each() - CORE\src\Collection\CollectionTrait.php, line 52
Bake\Shell\BakeShell::all() - ROOT\vendor\cakephp\bake\src\Shell\BakeShell.php, line 260
Cake\Console\Shell::runCommand() - CORE\src\Console\Shell.php, line 452
Cake\Console\ShellDispatcher::_dispatch() - CORE\src\Console\ShellDispatcher.php, line 227
Cake\Console\ShellDispatcher::dispatch() - CORE\src\Console\ShellDispatcher.php, line 182
Cake\Console\ShellDispatcher::run() - CORE\src\Console\ShellDispatcher.php, line 128
[main] - ROOT\bin\cake.php, line 34



2016-11-18 21:17:30 Warning: Warning (512): Association property name "goals" clashes with field of same name of table "players". You should explicitly specify the "propertyName" option. in [C:\xampp\htdocs\cakephp3test\vendor\cakephp\cakephp\src\ORM\Association.php, line 455]
Trace:
Cake\Error\BaseErrorHandler::handleError() - CORE\src\Error\BaseErrorHandler.php, line 146
Cake\ORM\Association::property() - CORE\src\ORM\Association.php, line 455
Bake\Utility\Model\AssociationFilter::filterAssociations() - ROOT\vendor\cakephp\bake\src\Utility\Model\AssociationFilter.php, line 96
Bake\Shell\Task\TemplateTask::_filteredAssociations() - ROOT\vendor\cakephp\bake\src\Shell\Task\TemplateTask.php, line 473
Bake\Shell\Task\TemplateTask::_loadController() - ROOT\vendor\cakephp\bake\src\Shell\Task\TemplateTask.php, line 298
Bake\Shell\Task\TemplateTask::main() - ROOT\vendor\cakephp\bake\src\Shell\Task\TemplateTask.php, line 148
Bake\Shell\BakeShell::Bake\Shell\{closure}() - ROOT\vendor\cakephp\bake\src\Shell\BakeShell.php, line 259
Cake\Collection\Collection::each() - CORE\src\Collection\CollectionTrait.php, line 52
Bake\Shell\BakeShell::all() - ROOT\vendor\cakephp\bake\src\Shell\BakeShell.php, line 260
Cake\Console\Shell::runCommand() - CORE\src\Console\Shell.php, line 452
Cake\Console\ShellDispatcher::_dispatch() - CORE\src\Console\ShellDispatcher.php, line 227
Cake\Console\ShellDispatcher::dispatch() - CORE\src\Console\ShellDispatcher.php, line 182
Cake\Console\ShellDispatcher::run() - CORE\src\Console\ShellDispatcher.php, line 128
[main] - ROOT\bin\cake.php, line 34



